<?xml version="1.0" encoding="UTF-8"?>
<robot generator="Robot 3.1.2 (Python 3.8.2 on win32)" generated="20200814 15:51:38.597" rpa="false">
<suite id="s1" name="Categories" source="C:\ITHS\Testprocesser i praktiken\project\skatteinformation\tests\Navigation\Categories.robot">
<test id="s1-t1" name="Categories">
<kw name="Begin Web Test" library="CategoriesKeywords" type="setup">
<kw name="Open Browser" library="SeleniumLibrary">
<doc>Opens a new browser instance to the optional ``url``.</doc>
<arguments>
<arg>about:blank</arg>
<arg>${BROWSER}</arg>
</arguments>
<msg timestamp="20200814 15:51:38.882" level="INFO">Opening browser 'chrome' to base url 'about:blank'.</msg>
<status status="PASS" starttime="20200814 15:51:38.882" endtime="20200814 15:51:44.486"></status>
</kw>
<kw name="Maximize Browser Window" library="SeleniumLibrary">
<doc>Maximizes current browser window.</doc>
<status status="PASS" starttime="20200814 15:51:44.487" endtime="20200814 15:51:48.627"></status>
</kw>
<kw name="Go To" library="SeleniumLibrary">
<doc>Navigates the current browser window to the provided ``url``.</doc>
<arguments>
<arg>${URL}</arg>
</arguments>
<msg timestamp="20200814 15:51:48.628" level="INFO">Opening url 'https://test.skatteinformation.se/'</msg>
<status status="PASS" starttime="20200814 15:51:48.628" endtime="20200814 15:51:49.236"></status>
</kw>
<status status="PASS" starttime="20200814 15:51:38.882" endtime="20200814 15:51:49.236"></status>
</kw>
<kw name="Login User" library="CategoriesKeywords">
<kw name="Input Text" library="SeleniumLibrary">
<doc>Types the given ``text`` into the text field identified by ``locator``.</doc>
<arguments>
<arg>//*[@id="edit-name"]</arg>
<arg>${USERNAME_USER}</arg>
</arguments>
<msg timestamp="20200814 15:51:49.237" level="INFO">Typing text 'infotiv-user' into text field '//*[@id="edit-name"]'.</msg>
<status status="PASS" starttime="20200814 15:51:49.237" endtime="20200814 15:51:49.396"></status>
</kw>
<kw name="Input Text" library="SeleniumLibrary">
<doc>Types the given ``text`` into the text field identified by ``locator``.</doc>
<arguments>
<arg>//*[@id="edit-pass"]</arg>
<arg>${PASSWORD}</arg>
</arguments>
<msg timestamp="20200814 15:51:49.397" level="INFO">Typing text 'slimy-very-decorate-transit' into text field '//*[@id="edit-pass"]'.</msg>
<status status="PASS" starttime="20200814 15:51:49.397" endtime="20200814 15:51:49.600"></status>
</kw>
<kw name="Click Button" library="SeleniumLibrary">
<doc>Clicks the button identified by ``locator``.</doc>
<arguments>
<arg>//*[@id="edit-submit"]</arg>
</arguments>
<msg timestamp="20200814 15:51:49.601" level="INFO">Clicking button '//*[@id="edit-submit"]'.</msg>
<status status="PASS" starttime="20200814 15:51:49.600" endtime="20200814 15:51:50.355"></status>
</kw>
<status status="PASS" starttime="20200814 15:51:49.236" endtime="20200814 15:51:50.355"></status>
</kw>
<kw name="Confirm Login Successful" library="CategoriesKeywords">
<kw name="Location Should Be" library="SeleniumLibrary">
<doc>Verifies that the current URL is exactly ``url``.</doc>
<arguments>
<arg>https://test.skatteinformation.se/start</arg>
</arguments>
<msg timestamp="20200814 15:51:50.412" level="INFO">Current location is 'https://test.skatteinformation.se/start'.</msg>
<status status="PASS" starttime="20200814 15:51:50.355" endtime="20200814 15:51:50.413"></status>
</kw>
<status status="PASS" starttime="20200814 15:51:50.355" endtime="20200814 15:51:50.413"></status>
</kw>
<kw name="Verify The User Is Able To Show Categories Options When Clicks On Dropdown Arrow" library="CategoriesKeywords">
<kw name="Click Element" library="SeleniumLibrary">
<doc>Click the element identified by ``locator``.</doc>
<arguments>
<arg>xpath://*[@id="block-main-menu"]</arg>
</arguments>
<msg timestamp="20200814 15:51:50.416" level="INFO">Clicking element 'xpath://*[@id="block-main-menu"]'.</msg>
<status status="PASS" starttime="20200814 15:51:50.415" endtime="20200814 15:51:50.534"></status>
</kw>
<kw name="Page Should Contain" library="SeleniumLibrary">
<doc>Verifies that current page contains ``text``.</doc>
<arguments>
<arg>Allmänt</arg>
</arguments>
<msg timestamp="20200814 15:51:50.564" level="INFO">Current page contains text 'Allmänt'.</msg>
<status status="PASS" starttime="20200814 15:51:50.534" endtime="20200814 15:51:50.564"></status>
</kw>
<kw name="Page Should Contain" library="SeleniumLibrary">
<doc>Verifies that current page contains ``text``.</doc>
<arguments>
<arg>Civilrätt och bokföring</arg>
</arguments>
<msg timestamp="20200814 15:51:50.587" level="INFO">Current page contains text 'Civilrätt och bokföring'.</msg>
<status status="PASS" starttime="20200814 15:51:50.564" endtime="20200814 15:51:50.587"></status>
</kw>
<kw name="Page Should Contain" library="SeleniumLibrary">
<doc>Verifies that current page contains ``text``.</doc>
<arguments>
<arg>Deklaration och förfarande</arg>
</arguments>
<msg timestamp="20200814 15:51:50.612" level="INFO">Current page contains text 'Deklaration och förfarande'.</msg>
<status status="PASS" starttime="20200814 15:51:50.587" endtime="20200814 15:51:50.612"></status>
</kw>
<status status="PASS" starttime="20200814 15:51:50.413" endtime="20200814 15:51:50.612"></status>
</kw>
<kw name="End Web Test" library="CategoriesKeywords" type="teardown">
<kw name="Close Browser" library="SeleniumLibrary">
<doc>Closes the current browser.</doc>
<status status="PASS" starttime="20200814 15:51:50.613" endtime="20200814 15:51:52.915"></status>
</kw>
<status status="PASS" starttime="20200814 15:51:50.612" endtime="20200814 15:51:52.915"></status>
</kw>
<doc>This is to show Categories options when clicks on dropdown button</doc>
<tags>
<tag>Test_Categories</tag>
</tags>
<status status="PASS" starttime="20200814 15:51:38.881" endtime="20200814 15:51:52.915" critical="yes"></status>
</test>
<status status="PASS" starttime="20200814 15:51:38.599" endtime="20200814 15:51:52.916"></status>
</suite>
<statistics>
<total>
<stat pass="1" fail="0">Critical Tests</stat>
<stat pass="1" fail="0">All Tests</stat>
</total>
<tag>
<stat pass="1" fail="0">Test_Categories</stat>
</tag>
<suite>
<stat pass="1" fail="0" id="s1" name="Categories">Categories</stat>
</suite>
</statistics>
<errors>
</errors>
</robot>
