<?xml version="1.0" encoding="UTF-8"?>
<robot generator="Robot 3.1.2 (Python 3.8.2 on win32)" generated="20200817 14:25:51.860" rpa="false">
<suite id="s1" name="Test Content Editor Edit Article" source="C:\Users\SpEEk0Desktop\Documents\GitHub\skatteinformation\tests\Content\TIPG-463\test_content_editor_edit_article.robot">
<test id="s1-t1" name="Login to webpage as Editor and edit an Article">
<kw name="Go to Webpage" type="setup">
<kw name="Open Browser" library="SeleniumLibrary">
<doc>Opens a new browser instance to the optional ``url``.</doc>
<arguments>
<arg>${URL}</arg>
<arg>${BROWSER}</arg>
</arguments>
<msg timestamp="20200817 14:25:52.006" level="INFO">Opening browser 'headlesschrome' to base url 'https://test.skatteinformation.se/'.</msg>
<status status="PASS" starttime="20200817 14:25:52.006" endtime="20200817 14:25:57.753"></status>
</kw>
<kw name="Maximize Browser Window" library="SeleniumLibrary">
<doc>Maximizes current browser window.</doc>
<status status="PASS" starttime="20200817 14:25:57.753" endtime="20200817 14:25:59.863"></status>
</kw>
<kw name="Wait Until Page Contains" library="SeleniumLibrary">
<doc>Waits until ``text`` appears on the current page.</doc>
<arguments>
<arg>Du behöver vara inloggad</arg>
</arguments>
<status status="PASS" starttime="20200817 14:25:59.864" endtime="20200817 14:25:59.874"></status>
</kw>
<status status="PASS" starttime="20200817 14:25:52.005" endtime="20200817 14:25:59.874"></status>
</kw>
<kw name="Given that the editor is on content type page after logging in">
<kw name="Login Editor" library="login_keywords">
<kw name="Input Text" library="SeleniumLibrary">
<doc>Types the given ``text`` into the text field identified by ``locator``.</doc>
<arguments>
<arg>//*[@id="edit-name"]</arg>
<arg>${USERNAME_EDITOR}</arg>
</arguments>
<msg timestamp="20200817 14:25:59.876" level="INFO">Typing text 'infotiv-editor' into text field '//*[@id="edit-name"]'.</msg>
<status status="PASS" starttime="20200817 14:25:59.876" endtime="20200817 14:25:59.930"></status>
</kw>
<kw name="Input Text" library="SeleniumLibrary">
<doc>Types the given ``text`` into the text field identified by ``locator``.</doc>
<arguments>
<arg>//*[@id="edit-pass"]</arg>
<arg>${PASSWORD}</arg>
</arguments>
<msg timestamp="20200817 14:25:59.930" level="INFO">Typing text 'slimy-very-decorate-transit' into text field '//*[@id="edit-pass"]'.</msg>
<status status="PASS" starttime="20200817 14:25:59.930" endtime="20200817 14:25:59.995"></status>
</kw>
<kw name="Click Button" library="SeleniumLibrary">
<doc>Clicks the button identified by ``locator``.</doc>
<arguments>
<arg>//*[@id="edit-submit"]</arg>
</arguments>
<msg timestamp="20200817 14:25:59.995" level="INFO">Clicking button '//*[@id="edit-submit"]'.</msg>
<status status="PASS" starttime="20200817 14:25:59.995" endtime="20200817 14:26:00.557"></status>
</kw>
<status status="PASS" starttime="20200817 14:25:59.874" endtime="20200817 14:26:00.557"></status>
</kw>
<kw name="Go to Content Page">
<kw name="Click Element" library="SeleniumLibrary">
<doc>Click the element identified by ``locator``.</doc>
<arguments>
<arg>xpath://*[@id="toolbar-item-administration"]</arg>
</arguments>
<msg timestamp="20200817 14:26:00.557" level="INFO">Clicking element 'xpath://*[@id="toolbar-item-administration"]'.</msg>
<status status="PASS" starttime="20200817 14:26:00.557" endtime="20200817 14:26:00.594"></status>
</kw>
<kw name="Wait Until Element Is Visible" library="SeleniumLibrary">
<doc>Waits until the element ``locator`` is visible.</doc>
<arguments>
<arg>xpath://*[@id="toolbar-item-administration-tray"]/nav/div[1]/ul/li/a</arg>
</arguments>
<status status="PASS" starttime="20200817 14:26:00.595" endtime="20200817 14:26:00.614"></status>
</kw>
<kw name="Click Element" library="SeleniumLibrary">
<doc>Click the element identified by ``locator``.</doc>
<arguments>
<arg>xpath://*[@id="toolbar-item-administration-tray"]/nav/div[1]/ul/li/a</arg>
</arguments>
<msg timestamp="20200817 14:26:00.614" level="INFO">Clicking element 'xpath://*[@id="toolbar-item-administration-tray"]/nav/div[1]/ul/li/a'.</msg>
<status status="PASS" starttime="20200817 14:26:00.614" endtime="20200817 14:26:00.914"></status>
</kw>
<kw name="Wait Until Element Is Visible" library="SeleniumLibrary">
<doc>Waits until the element ``locator`` is visible.</doc>
<arguments>
<arg>xpath://html/body/div[2]/div/main/div[3]/div[2]/div/div/div[2]/table/tbody/tr[1]/td[7]/div/div/ul/li[1]/a</arg>
</arguments>
<status status="PASS" starttime="20200817 14:26:00.914" endtime="20200817 14:26:00.937"></status>
</kw>
<status status="PASS" starttime="20200817 14:26:00.557" endtime="20200817 14:26:00.938"></status>
</kw>
<status status="PASS" starttime="20200817 14:25:59.874" endtime="20200817 14:26:00.938"></status>
</kw>
<kw name="When the editor clicks on the edit button on a chosen content edit page">
<kw name="Go to edit page for the top item on the content page">
<kw name="Click Element" library="SeleniumLibrary">
<doc>Click the element identified by ``locator``.</doc>
<arguments>
<arg>xpath://html/body/div[2]/div/main/div[3]/div[2]/div/div/div[2]/table/tbody/tr[1]/td[7]/div/div/ul/li[1]/a</arg>
</arguments>
<msg timestamp="20200817 14:26:00.938" level="INFO">Clicking element 'xpath://html/body/div[2]/div/main/div[3]/div[2]/div/div/div[2]/table/tbody/tr[1]/td[7]/div/div/ul/li[1]/a'.</msg>
<status status="PASS" starttime="20200817 14:26:00.938" endtime="20200817 14:26:01.379"></status>
</kw>
<kw name="Wait Until Page Contains" library="SeleniumLibrary">
<doc>Waits until ``text`` appears on the current page.</doc>
<arguments>
<arg>Kom ihåg att ändra författardatumet innan du publicerar</arg>
</arguments>
<status status="PASS" starttime="20200817 14:26:01.379" endtime="20200817 14:26:01.388"></status>
</kw>
<status status="PASS" starttime="20200817 14:26:00.938" endtime="20200817 14:26:01.389"></status>
</kw>
<status status="PASS" starttime="20200817 14:26:00.938" endtime="20200817 14:26:01.389"></status>
</kw>
<kw name="Then the chosen content should be edited">
<kw name="Edit title and save changes">
<kw name="Input Text" library="SeleniumLibrary">
<doc>Types the given ``text`` into the text field identified by ``locator``.</doc>
<arguments>
<arg>xpath://html/body/div[2]/div/main/div[3]/div/form/div/div[1]/div/div/div/details[1]/div/fieldset[1]/div/div[1]/div/input</arg>
<arg>(automated_edit)</arg>
<arg>clear=False</arg>
</arguments>
<msg timestamp="20200817 14:26:01.389" level="INFO">Typing text '(automated_edit)' into text field 'xpath://html/body/div[2]/div/main/div[3]/div/form/div/div[1]/div/div/div/details[1]/div/fieldset[1]/div/div[1]/div/input'.</msg>
<status status="PASS" starttime="20200817 14:26:01.389" endtime="20200817 14:26:01.435"></status>
</kw>
<kw name="Click Button" library="SeleniumLibrary">
<doc>Clicks the button identified by ``locator``.</doc>
<arguments>
<arg>xpath://html/body/div[2]/div/main/div[3]/div/form/div/div[3]/div/div[2]/input</arg>
</arguments>
<msg timestamp="20200817 14:26:01.435" level="INFO">Clicking button 'xpath://html/body/div[2]/div/main/div[3]/div/form/div/div[3]/div/div[2]/input'.</msg>
<status status="PASS" starttime="20200817 14:26:01.435" endtime="20200817 14:26:02.112"></status>
</kw>
<kw name="Wait Until Page Contains" library="SeleniumLibrary">
<doc>Waits until ``text`` appears on the current page.</doc>
<arguments>
<arg>har uppdaterats.</arg>
</arguments>
<status status="PASS" starttime="20200817 14:26:02.112" endtime="20200817 14:26:02.128"></status>
</kw>
<status status="PASS" starttime="20200817 14:26:01.389" endtime="20200817 14:26:02.128"></status>
</kw>
<status status="PASS" starttime="20200817 14:26:01.389" endtime="20200817 14:26:02.128"></status>
</kw>
<kw name="Close Webpage" type="teardown">
<kw name="Close Browser" library="SeleniumLibrary">
<doc>Closes the current browser.</doc>
<status status="PASS" starttime="20200817 14:26:02.128" endtime="20200817 14:26:04.162"></status>
</kw>
<status status="PASS" starttime="20200817 14:26:02.128" endtime="20200817 14:26:04.162"></status>
</kw>
<doc>Login to https://test.skatteinformation.se/ as an Editor and edit content on the content page.</doc>
<tags>
<tag>content</tag>
<tag>edit</tag>
<tag>editor</tag>
<tag>login</tag>
</tags>
<status status="PASS" starttime="20200817 14:25:52.005" endtime="20200817 14:26:04.162" critical="yes"></status>
</test>
<doc>A single test to see if a user with the right credentials can log in as an editor and edit content on the content page.</doc>
<status status="PASS" starttime="20200817 14:25:51.861" endtime="20200817 14:26:04.162"></status>
</suite>
<statistics>
<total>
<stat pass="1" fail="0">Critical Tests</stat>
<stat pass="1" fail="0">All Tests</stat>
</total>
<tag>
<stat pass="1" fail="0">content</stat>
<stat pass="1" fail="0">edit</stat>
<stat pass="1" fail="0">editor</stat>
<stat pass="1" fail="0">login</stat>
</tag>
<suite>
<stat pass="1" fail="0" id="s1" name="Test Content Editor Edit Article">Test Content Editor Edit Article</stat>
</suite>
</statistics>
<errors>
</errors>
</robot>
