<?xml version="1.0" encoding="UTF-8"?>
<robot generator="Robot 3.1.2 (Python 3.8.2 on win32)" generated="20200818 11:24:08.138" rpa="false">
<suite id="s1" name="Test Content Editor Add Article" source="C:\Users\SpEEk0Desktop\Documents\GitHub\skatteinformation\tests\Content\TIPG-500\test_content_editor_add_article.robot">
<test id="s1-t1" name="Login to webpage as Editor and add an Article">
<kw name="Go to Webpage" type="setup">
<kw name="Open Browser" library="SeleniumLibrary">
<doc>Opens a new browser instance to the optional ``url``.</doc>
<arguments>
<arg>${URL}</arg>
<arg>${BROWSER}</arg>
</arguments>
<msg timestamp="20200818 11:24:08.286" level="INFO">Opening browser 'headlesschrome' to base url 'https://test.skatteinformation.se/'.</msg>
<status status="PASS" starttime="20200818 11:24:08.286" endtime="20200818 11:24:11.680"></status>
</kw>
<kw name="Set Window Size" library="SeleniumLibrary">
<doc>Sets current windows size to given ``width`` and ``height``.</doc>
<arguments>
<arg>${1400}</arg>
<arg>${600}</arg>
</arguments>
<status status="PASS" starttime="20200818 11:24:11.680" endtime="20200818 11:24:13.787"></status>
</kw>
<kw name="Wait Until Page Contains" library="SeleniumLibrary">
<doc>Waits until ``text`` appears on the current page.</doc>
<arguments>
<arg>Du behöver vara inloggad</arg>
</arguments>
<status status="PASS" starttime="20200818 11:24:13.788" endtime="20200818 11:24:13.798"></status>
</kw>
<status status="PASS" starttime="20200818 11:24:08.286" endtime="20200818 11:24:13.798"></status>
</kw>
<kw name="Generate Title">
<kw name="Generate Random String" library="String">
<doc>Generates a string with a desired ``length`` from the given ``chars``.</doc>
<arguments>
<arg>6</arg>
<arg>[NUMBERS]abcdef</arg>
</arguments>
<assign>
<var>${RANDOMSTRING}</var>
</assign>
<msg timestamp="20200818 11:24:13.798" level="INFO">${RANDOMSTRING} = 5871db</msg>
<status status="PASS" starttime="20200818 11:24:13.798" endtime="20200818 11:24:13.798"></status>
</kw>
<kw name="Set Global Variable" library="BuiltIn">
<doc>Makes a variable available globally in all tests and suites.</doc>
<arguments>
<arg>${RANDOMSTRING}</arg>
</arguments>
<msg timestamp="20200818 11:24:13.798" level="INFO">${RANDOMSTRING} = 5871db</msg>
<status status="PASS" starttime="20200818 11:24:13.798" endtime="20200818 11:24:13.798"></status>
</kw>
<status status="PASS" starttime="20200818 11:24:13.798" endtime="20200818 11:24:13.798"></status>
</kw>
<kw name="Given that the editor is on content type page after logging in">
<kw name="Login Editor" library="login_keywords">
<kw name="Input Text" library="SeleniumLibrary">
<doc>Types the given ``text`` into the text field identified by ``locator``.</doc>
<arguments>
<arg>//*[@id="edit-name"]</arg>
<arg>${USERNAME_EDITOR}</arg>
</arguments>
<msg timestamp="20200818 11:24:13.799" level="INFO">Typing text 'infotiv-editor' into text field '//*[@id="edit-name"]'.</msg>
<status status="PASS" starttime="20200818 11:24:13.799" endtime="20200818 11:24:13.851"></status>
</kw>
<kw name="Input Text" library="SeleniumLibrary">
<doc>Types the given ``text`` into the text field identified by ``locator``.</doc>
<arguments>
<arg>//*[@id="edit-pass"]</arg>
<arg>${PASSWORD}</arg>
</arguments>
<msg timestamp="20200818 11:24:13.851" level="INFO">Typing text 'slimy-very-decorate-transit' into text field '//*[@id="edit-pass"]'.</msg>
<status status="PASS" starttime="20200818 11:24:13.851" endtime="20200818 11:24:13.919"></status>
</kw>
<kw name="Click Button" library="SeleniumLibrary">
<doc>Clicks the button identified by ``locator``.</doc>
<arguments>
<arg>//*[@id="edit-submit"]</arg>
</arguments>
<msg timestamp="20200818 11:24:13.919" level="INFO">Clicking button '//*[@id="edit-submit"]'.</msg>
<status status="PASS" starttime="20200818 11:24:13.919" endtime="20200818 11:24:14.646"></status>
</kw>
<status status="PASS" starttime="20200818 11:24:13.799" endtime="20200818 11:24:14.646"></status>
</kw>
<kw name="Go to Content Page">
<kw name="Go To" library="SeleniumLibrary">
<doc>Navigates the current browser window to the provided ``url``.</doc>
<arguments>
<arg>https://test.skatteinformation.se/admin/content</arg>
</arguments>
<msg timestamp="20200818 11:24:14.646" level="INFO">Opening url 'https://test.skatteinformation.se/admin/content'</msg>
<status status="PASS" starttime="20200818 11:24:14.646" endtime="20200818 11:24:14.966"></status>
</kw>
<kw name="Wait Until Element Is Visible" library="SeleniumLibrary">
<doc>Waits until the element ``locator`` is visible.</doc>
<arguments>
<arg>xpath://html/body/div[2]/div/main/div[3]/div[1]/ul/li/a</arg>
</arguments>
<status status="PASS" starttime="20200818 11:24:14.966" endtime="20200818 11:24:14.990"></status>
</kw>
<status status="PASS" starttime="20200818 11:24:14.646" endtime="20200818 11:24:14.990"></status>
</kw>
<status status="PASS" starttime="20200818 11:24:13.799" endtime="20200818 11:24:14.990"></status>
</kw>
<kw name="When the content type article is selected">
<kw name="Go to Add content page">
<kw name="Click Element" library="SeleniumLibrary">
<doc>Click the element identified by ``locator``.</doc>
<arguments>
<arg>xpath://html/body/div[2]/div/main/div[3]/div[1]/ul/li/a</arg>
</arguments>
<msg timestamp="20200818 11:24:14.991" level="INFO">Clicking element 'xpath://html/body/div[2]/div/main/div[3]/div[1]/ul/li/a'.</msg>
<status status="PASS" starttime="20200818 11:24:14.991" endtime="20200818 11:24:15.237"></status>
</kw>
<kw name="Wait Until Element Is Visible" library="SeleniumLibrary">
<doc>Waits until the element ``locator`` is visible.</doc>
<arguments>
<arg>xpath://html/body/div[2]/div/main/div[3]/div/ul/li[1]/a</arg>
</arguments>
<status status="PASS" starttime="20200818 11:24:15.237" endtime="20200818 11:24:15.255"></status>
</kw>
<status status="PASS" starttime="20200818 11:24:14.990" endtime="20200818 11:24:15.255"></status>
</kw>
<kw name="Go to Article creation page">
<kw name="Click Element" library="SeleniumLibrary">
<doc>Click the element identified by ``locator``.</doc>
<arguments>
<arg>xpath://html/body/div[2]/div/main/div[3]/div/ul/li[1]/a</arg>
</arguments>
<msg timestamp="20200818 11:24:15.256" level="INFO">Clicking element 'xpath://html/body/div[2]/div/main/div[3]/div/ul/li[1]/a'.</msg>
<status status="PASS" starttime="20200818 11:24:15.256" endtime="20200818 11:24:15.704"></status>
</kw>
<kw name="Wait Until Page Contains" library="SeleniumLibrary">
<doc>Waits until ``text`` appears on the current page.</doc>
<arguments>
<arg>Skapa Artikel</arg>
</arguments>
<status status="PASS" starttime="20200818 11:24:15.704" endtime="20200818 11:24:15.715"></status>
</kw>
<status status="PASS" starttime="20200818 11:24:15.255" endtime="20200818 11:24:15.715"></status>
</kw>
<status status="PASS" starttime="20200818 11:24:14.990" endtime="20200818 11:24:15.715"></status>
</kw>
<kw name="Then an article can be added to the content page">
<kw name="Add random test article name">
<kw name="Input Text" library="SeleniumLibrary">
<doc>Types the given ``text`` into the text field identified by ``locator``.</doc>
<arguments>
<arg>xpath://html/body/div[2]/div/main/div[3]/div/form/div/div[1]/div/div/div/details[1]/div/fieldset[1]/div/div[1]/div/input</arg>
<arg>test article ${RANDOMSTRING}</arg>
<arg>clear=True</arg>
</arguments>
<msg timestamp="20200818 11:24:15.716" level="INFO">Typing text 'test article 5871db' into text field 'xpath://html/body/div[2]/div/main/div[3]/div/form/div/div[1]/div/div/div/details[1]/div/fieldset[1]/div/div[1]/div/input'.</msg>
<status status="PASS" starttime="20200818 11:24:15.715" endtime="20200818 11:24:15.834"></status>
</kw>
<status status="PASS" starttime="20200818 11:24:15.715" endtime="20200818 11:24:15.834"></status>
</kw>
<kw name="Create article">
<kw name="Click Button" library="SeleniumLibrary">
<doc>Clicks the button identified by ``locator``.</doc>
<arguments>
<arg>xpath://html/body/div[2]/div/main/div[3]/div/form/div/div[3]/div/div[2]/input</arg>
</arguments>
<msg timestamp="20200818 11:24:15.834" level="INFO">Clicking button 'xpath://html/body/div[2]/div/main/div[3]/div/form/div/div[3]/div/div[2]/input'.</msg>
<status status="PASS" starttime="20200818 11:24:15.834" endtime="20200818 11:24:16.433"></status>
</kw>
<kw name="Wait Until Page Contains" library="SeleniumLibrary">
<doc>Waits until ``text`` appears on the current page.</doc>
<arguments>
<arg>test article ${RANDOMSTRING} (Artikel) har skapats.</arg>
</arguments>
<status status="PASS" starttime="20200818 11:24:16.433" endtime="20200818 11:24:16.445"></status>
</kw>
<status status="PASS" starttime="20200818 11:24:15.834" endtime="20200818 11:24:16.445"></status>
</kw>
<kw name="See if article was created">
<kw name="Go To" library="SeleniumLibrary">
<doc>Navigates the current browser window to the provided ``url``.</doc>
<arguments>
<arg>https://test.skatteinformation.se/admin/content</arg>
</arguments>
<msg timestamp="20200818 11:24:16.446" level="INFO">Opening url 'https://test.skatteinformation.se/admin/content'</msg>
<status status="PASS" starttime="20200818 11:24:16.446" endtime="20200818 11:24:16.816"></status>
</kw>
<kw name="Wait Until Page Contains" library="SeleniumLibrary">
<doc>Waits until ``text`` appears on the current page.</doc>
<arguments>
<arg>test article ${RANDOMSTRING}</arg>
</arguments>
<status status="PASS" starttime="20200818 11:24:16.816" endtime="20200818 11:24:16.827"></status>
</kw>
<status status="PASS" starttime="20200818 11:24:16.445" endtime="20200818 11:24:16.827"></status>
</kw>
<status status="PASS" starttime="20200818 11:24:15.715" endtime="20200818 11:24:16.828"></status>
</kw>
<kw name="Close Webpage" type="teardown">
<kw name="Close Browser" library="SeleniumLibrary">
<doc>Closes the current browser.</doc>
<status status="PASS" starttime="20200818 11:24:16.828" endtime="20200818 11:24:18.861"></status>
</kw>
<status status="PASS" starttime="20200818 11:24:16.828" endtime="20200818 11:24:18.861"></status>
</kw>
<doc>Login to https://test.skatteinformation.se/ as an Editor and create an article.</doc>
<tags>
<tag>article</tag>
<tag>editor</tag>
<tag>login</tag>
</tags>
<status status="PASS" starttime="20200818 11:24:08.285" endtime="20200818 11:24:18.861" critical="yes"></status>
</test>
<doc>A single test to see if a user with the right credentials can log in as an editor and add an article to the content page.</doc>
<status status="PASS" starttime="20200818 11:24:08.139" endtime="20200818 11:24:18.861"></status>
</suite>
<statistics>
<total>
<stat pass="1" fail="0">Critical Tests</stat>
<stat pass="1" fail="0">All Tests</stat>
</total>
<tag>
<stat pass="1" fail="0">article</stat>
<stat pass="1" fail="0">editor</stat>
<stat pass="1" fail="0">login</stat>
</tag>
<suite>
<stat pass="1" fail="0" id="s1" name="Test Content Editor Add Article">Test Content Editor Add Article</stat>
</suite>
</statistics>
<errors>
</errors>
</robot>
