<?xml version="1.0" encoding="UTF-8"?>
<robot generator="Robot 3.1.2 (Python 3.8.2 on win32)" generated="20200815 23:03:33.803" rpa="false">
<suite id="s1" name="Test Content Editor Add Article" source="C:\Users\SpEEk0Desktop\Documents\GitHub\skatteinformation\tests\Content\test_content_editor_add_article.robot">
<test id="s1-t1" name="Login to webpage as Editor and add an Article">
<kw name="Go to Webpage" type="setup">
<kw name="Open Browser" library="SeleniumLibrary">
<doc>Opens a new browser instance to the optional ``url``.</doc>
<arguments>
<arg>${URL}</arg>
<arg>${BROWSER}</arg>
</arguments>
<msg timestamp="20200815 23:03:33.954" level="INFO">Opening browser 'headlesschrome' to base url 'https://test.skatteinformation.se/'.</msg>
<status status="PASS" starttime="20200815 23:03:33.954" endtime="20200815 23:03:37.361"></status>
</kw>
<kw name="Maximize Browser Window" library="SeleniumLibrary">
<doc>Maximizes current browser window.</doc>
<status status="PASS" starttime="20200815 23:03:37.361" endtime="20200815 23:03:39.472"></status>
</kw>
<kw name="Wait Until Page Contains" library="SeleniumLibrary">
<doc>Waits until ``text`` appears on the current page.</doc>
<arguments>
<arg>Du behöver vara inloggad</arg>
</arguments>
<status status="PASS" starttime="20200815 23:03:39.472" endtime="20200815 23:03:39.482"></status>
</kw>
<status status="PASS" starttime="20200815 23:03:33.953" endtime="20200815 23:03:39.482"></status>
</kw>
<kw name="Generate Title">
<kw name="Generate Random String" library="String">
<doc>Generates a string with a desired ``length`` from the given ``chars``.</doc>
<arguments>
<arg>6</arg>
<arg>[NUMBERS]abcdef</arg>
</arguments>
<assign>
<var>${RANDOMSTRING}</var>
</assign>
<msg timestamp="20200815 23:03:39.483" level="INFO">${RANDOMSTRING} = dde4f5</msg>
<status status="PASS" starttime="20200815 23:03:39.482" endtime="20200815 23:03:39.483"></status>
</kw>
<kw name="Set Global Variable" library="BuiltIn">
<doc>Makes a variable available globally in all tests and suites.</doc>
<arguments>
<arg>${RANDOMSTRING}</arg>
</arguments>
<msg timestamp="20200815 23:03:39.483" level="INFO">${RANDOMSTRING} = dde4f5</msg>
<status status="PASS" starttime="20200815 23:03:39.483" endtime="20200815 23:03:39.483"></status>
</kw>
<status status="PASS" starttime="20200815 23:03:39.482" endtime="20200815 23:03:39.483"></status>
</kw>
<kw name="Given that the editor is on content type page after logging in">
<kw name="Login Editor" library="login_keywords">
<kw name="Input Text" library="SeleniumLibrary">
<doc>Types the given ``text`` into the text field identified by ``locator``.</doc>
<arguments>
<arg>//*[@id="edit-name"]</arg>
<arg>${USERNAME_EDITOR}</arg>
</arguments>
<msg timestamp="20200815 23:03:39.483" level="INFO">Typing text 'infotiv-editor' into text field '//*[@id="edit-name"]'.</msg>
<status status="PASS" starttime="20200815 23:03:39.483" endtime="20200815 23:03:39.537"></status>
</kw>
<kw name="Input Text" library="SeleniumLibrary">
<doc>Types the given ``text`` into the text field identified by ``locator``.</doc>
<arguments>
<arg>//*[@id="edit-pass"]</arg>
<arg>${PASSWORD}</arg>
</arguments>
<msg timestamp="20200815 23:03:39.537" level="INFO">Typing text 'slimy-very-decorate-transit' into text field '//*[@id="edit-pass"]'.</msg>
<status status="PASS" starttime="20200815 23:03:39.537" endtime="20200815 23:03:39.604"></status>
</kw>
<kw name="Click Button" library="SeleniumLibrary">
<doc>Clicks the button identified by ``locator``.</doc>
<arguments>
<arg>//*[@id="edit-submit"]</arg>
</arguments>
<msg timestamp="20200815 23:03:39.604" level="INFO">Clicking button '//*[@id="edit-submit"]'.</msg>
<status status="PASS" starttime="20200815 23:03:39.604" endtime="20200815 23:03:40.142"></status>
</kw>
<status status="PASS" starttime="20200815 23:03:39.483" endtime="20200815 23:03:40.142"></status>
</kw>
<kw name="Go to Content Page">
<kw name="Click Element" library="SeleniumLibrary">
<doc>Click the element identified by ``locator``.</doc>
<arguments>
<arg>xpath://*[@id="toolbar-item-administration"]</arg>
</arguments>
<msg timestamp="20200815 23:03:40.143" level="INFO">Clicking element 'xpath://*[@id="toolbar-item-administration"]'.</msg>
<status status="PASS" starttime="20200815 23:03:40.142" endtime="20200815 23:03:40.182"></status>
</kw>
<kw name="Wait Until Element Is Visible" library="SeleniumLibrary">
<doc>Waits until the element ``locator`` is visible.</doc>
<arguments>
<arg>xpath://*[@id="toolbar-item-administration-tray"]/nav/div[1]/ul/li/a</arg>
</arguments>
<status status="PASS" starttime="20200815 23:03:40.182" endtime="20200815 23:03:40.199"></status>
</kw>
<kw name="Click Element" library="SeleniumLibrary">
<doc>Click the element identified by ``locator``.</doc>
<arguments>
<arg>xpath://*[@id="toolbar-item-administration-tray"]/nav/div[1]/ul/li/a</arg>
</arguments>
<msg timestamp="20200815 23:03:40.199" level="INFO">Clicking element 'xpath://*[@id="toolbar-item-administration-tray"]/nav/div[1]/ul/li/a'.</msg>
<status status="PASS" starttime="20200815 23:03:40.199" endtime="20200815 23:03:40.559"></status>
</kw>
<kw name="Wait Until Element Is Visible" library="SeleniumLibrary">
<doc>Waits until the element ``locator`` is visible.</doc>
<arguments>
<arg>xpath://html/body/div[2]/div/main/div[3]/div[1]/ul/li/a</arg>
</arguments>
<status status="PASS" starttime="20200815 23:03:40.559" endtime="20200815 23:03:40.579"></status>
</kw>
<status status="PASS" starttime="20200815 23:03:40.142" endtime="20200815 23:03:40.579"></status>
</kw>
<status status="PASS" starttime="20200815 23:03:39.483" endtime="20200815 23:03:40.579"></status>
</kw>
<kw name="When the content type article is selected">
<kw name="Go to Add content page">
<kw name="Click Element" library="SeleniumLibrary">
<doc>Click the element identified by ``locator``.</doc>
<arguments>
<arg>xpath://html/body/div[2]/div/main/div[3]/div[1]/ul/li/a</arg>
</arguments>
<msg timestamp="20200815 23:03:40.579" level="INFO">Clicking element 'xpath://html/body/div[2]/div/main/div[3]/div[1]/ul/li/a'.</msg>
<status status="PASS" starttime="20200815 23:03:40.579" endtime="20200815 23:03:40.861"></status>
</kw>
<kw name="Wait Until Element Is Visible" library="SeleniumLibrary">
<doc>Waits until the element ``locator`` is visible.</doc>
<arguments>
<arg>xpath://html/body/div[2]/div/main/div[3]/div/ul/li[1]/a</arg>
</arguments>
<status status="PASS" starttime="20200815 23:03:40.861" endtime="20200815 23:03:40.876"></status>
</kw>
<status status="PASS" starttime="20200815 23:03:40.579" endtime="20200815 23:03:40.877"></status>
</kw>
<kw name="Go to Article creation page">
<kw name="Click Element" library="SeleniumLibrary">
<doc>Click the element identified by ``locator``.</doc>
<arguments>
<arg>xpath://html/body/div[2]/div/main/div[3]/div/ul/li[1]/a</arg>
</arguments>
<msg timestamp="20200815 23:03:40.877" level="INFO">Clicking element 'xpath://html/body/div[2]/div/main/div[3]/div/ul/li[1]/a'.</msg>
<status status="PASS" starttime="20200815 23:03:40.877" endtime="20200815 23:03:41.320"></status>
</kw>
<kw name="Wait Until Page Contains" library="SeleniumLibrary">
<doc>Waits until ``text`` appears on the current page.</doc>
<arguments>
<arg>Skapa Artikel</arg>
</arguments>
<status status="PASS" starttime="20200815 23:03:41.320" endtime="20200815 23:03:41.330"></status>
</kw>
<status status="PASS" starttime="20200815 23:03:40.877" endtime="20200815 23:03:41.330"></status>
</kw>
<status status="PASS" starttime="20200815 23:03:40.579" endtime="20200815 23:03:41.330"></status>
</kw>
<kw name="Then an article can be added to the content page">
<kw name="Add random test article name">
<kw name="Input Text" library="SeleniumLibrary">
<doc>Types the given ``text`` into the text field identified by ``locator``.</doc>
<arguments>
<arg>xpath://html/body/div[2]/div/main/div[3]/div/form/div/div[1]/div/div/div/details[1]/div/fieldset[1]/div/div[1]/div/input</arg>
<arg>test article ${RANDOMSTRING}</arg>
<arg>clear=True</arg>
</arguments>
<msg timestamp="20200815 23:03:41.331" level="INFO">Typing text 'test article dde4f5' into text field 'xpath://html/body/div[2]/div/main/div[3]/div/form/div/div[1]/div/div/div/details[1]/div/fieldset[1]/div/div[1]/div/input'.</msg>
<status status="PASS" starttime="20200815 23:03:41.331" endtime="20200815 23:03:41.455"></status>
</kw>
<status status="PASS" starttime="20200815 23:03:41.331" endtime="20200815 23:03:41.455"></status>
</kw>
<kw name="Create article">
<kw name="Click Button" library="SeleniumLibrary">
<doc>Clicks the button identified by ``locator``.</doc>
<arguments>
<arg>xpath://html/body/div[2]/div/main/div[3]/div/form/div/div[3]/div/div[2]/input</arg>
</arguments>
<msg timestamp="20200815 23:03:41.456" level="INFO">Clicking button 'xpath://html/body/div[2]/div/main/div[3]/div/form/div/div[3]/div/div[2]/input'.</msg>
<status status="PASS" starttime="20200815 23:03:41.456" endtime="20200815 23:03:41.999"></status>
</kw>
<kw name="Wait Until Page Contains" library="SeleniumLibrary">
<doc>Waits until ``text`` appears on the current page.</doc>
<arguments>
<arg>test article ${RANDOMSTRING} (Artikel) har skapats.</arg>
</arguments>
<status status="PASS" starttime="20200815 23:03:41.999" endtime="20200815 23:03:42.009"></status>
</kw>
<status status="PASS" starttime="20200815 23:03:41.456" endtime="20200815 23:03:42.009"></status>
</kw>
<kw name="See if article was created">
<kw name="Go To" library="SeleniumLibrary">
<doc>Navigates the current browser window to the provided ``url``.</doc>
<arguments>
<arg>https://test.skatteinformation.se/admin/content</arg>
</arguments>
<msg timestamp="20200815 23:03:42.009" level="INFO">Opening url 'https://test.skatteinformation.se/admin/content'</msg>
<status status="PASS" starttime="20200815 23:03:42.009" endtime="20200815 23:03:42.388"></status>
</kw>
<kw name="Wait Until Page Contains" library="SeleniumLibrary">
<doc>Waits until ``text`` appears on the current page.</doc>
<arguments>
<arg>test article ${RANDOMSTRING}</arg>
</arguments>
<status status="PASS" starttime="20200815 23:03:42.388" endtime="20200815 23:03:42.399"></status>
</kw>
<status status="PASS" starttime="20200815 23:03:42.009" endtime="20200815 23:03:42.399"></status>
</kw>
<status status="PASS" starttime="20200815 23:03:41.331" endtime="20200815 23:03:42.399"></status>
</kw>
<kw name="Close Webpage" type="teardown">
<kw name="Close Browser" library="SeleniumLibrary">
<doc>Closes the current browser.</doc>
<status status="PASS" starttime="20200815 23:03:42.400" endtime="20200815 23:03:44.433"></status>
</kw>
<status status="PASS" starttime="20200815 23:03:42.400" endtime="20200815 23:03:44.433"></status>
</kw>
<doc>Login to https://test.skatteinformation.se/ as an Editor</doc>
<tags>
<tag>article</tag>
<tag>editor</tag>
<tag>login</tag>
</tags>
<status status="PASS" starttime="20200815 23:03:33.953" endtime="20200815 23:03:44.433" critical="yes"></status>
</test>
<doc>A single test to see if a user with the right credentials can log in as an editor and add an article to the content page.</doc>
<status status="PASS" starttime="20200815 23:03:33.804" endtime="20200815 23:03:44.433"></status>
</suite>
<statistics>
<total>
<stat pass="1" fail="0">Critical Tests</stat>
<stat pass="1" fail="0">All Tests</stat>
</total>
<tag>
<stat pass="1" fail="0">article</stat>
<stat pass="1" fail="0">editor</stat>
<stat pass="1" fail="0">login</stat>
</tag>
<suite>
<stat pass="1" fail="0" id="s1" name="Test Content Editor Add Article">Test Content Editor Add Article</stat>
</suite>
</statistics>
<errors>
</errors>
</robot>
